<?xml version="1.0" encoding="UTF-8"?>
<testng-results skipped="0" failed="0" ignored="0" total="1" passed="1">
  <reporter-output>
  </reporter-output>
  <suite name="Surefire suite" duration-ms="14799" started-at="2018-04-19T04:59:55Z" finished-at="2018-04-19T05:00:10Z">
    <groups>
    </groups>
    <test name="Surefire test" duration-ms="14799" started-at="2018-04-19T04:59:55Z" finished-at="2018-04-19T05:00:10Z">
      <class name="tests.LivongoTest">
        <test-method status="PASS" signature="setupClass()[pri:0, instance:tests.LivongoTest@36f6e879]" name="setupClass" is-config="true" duration-ms="6" started-at="2018-04-18T21:59:55Z" finished-at="2018-04-18T21:59:55Z">
          <reporter-output>
          </reporter-output>
        </test-method> <!-- setupClass -->
        <test-method status="PASS" signature="setupTest()[pri:0, instance:tests.LivongoTest@36f6e879]" name="setupTest" is-config="true" duration-ms="4912" started-at="2018-04-18T21:59:55Z" finished-at="2018-04-18T22:00:00Z">
          <reporter-output>
          </reporter-output>
        </test-method> <!-- setupTest -->
        <test-method status="PASS" signature="firstTest()[pri:0, instance:tests.LivongoTest@36f6e879]" name="firstTest" duration-ms="9764" started-at="2018-04-18T22:00:00Z" finished-at="2018-04-18T22:00:10Z">
          <reporter-output>
          </reporter-output>
        </test-method> <!-- firstTest -->
        <test-method status="PASS" signature="tearDownTest()[pri:0, instance:tests.LivongoTest@36f6e879]" name="tearDownTest" is-config="true" duration-ms="102" started-at="2018-04-18T22:00:10Z" finished-at="2018-04-18T22:00:10Z">
          <reporter-output>
          </reporter-output>
        </test-method> <!-- tearDownTest -->
        <test-method status="PASS" signature="tearDownClass()[pri:0, instance:tests.LivongoTest@36f6e879]" name="tearDownClass" is-config="true" duration-ms="1" started-at="2018-04-18T22:00:10Z" finished-at="2018-04-18T22:00:10Z">
          <reporter-output>
          </reporter-output>
        </test-method> <!-- tearDownClass -->
      </class> <!-- tests.LivongoTest -->
    </test> <!-- Surefire test -->
  </suite> <!-- Surefire suite -->
</testng-results>
